<?xml version="1.0" encoding="UTF-8"?>
<!-- Generated by org.testng.reporters.JUnitReportReporter -->
<testsuite skipped="0" hostname="IBM008-PC073CYV" name="testCase4.NewTest4" tests="1" failures="0" timestamp="30 Mar 2017 08:24:26 GMT" time="0.015" errors="0">
  <testcase name="f" time="0.015" classname="testCase4.NewTest4"/>
</testsuite> <!-- testCase4.NewTest4 -->
